<?xml version="1.0" encoding="UTF-8"?>
<!-- Generated by org.testng.reporters.JUnitReportReporter -->
<testsuite skipped="0" hostname="netstorm-TECRA-C50-C" name="com.cavisson.ddr.testcases.NetstormHomePageTest" tests="3" failures="0" timestamp="03 Jul 2018 06:46:57 GMT" time="33.490" errors="0">
  <testcase name="validateNetstormHomeTest" time="11.360" classname="com.cavisson.ddr.testcases.NetstormHomePageTest"/>
  <testcase name="validateNetstormReleaseTest" time="10.635" classname="com.cavisson.ddr.testcases.NetstormHomePageTest"/>
  <testcase name="clickonSessionTest" time="11.495" classname="com.cavisson.ddr.testcases.NetstormHomePageTest"/>
</testsuite> <!-- com.cavisson.ddr.testcases.NetstormHomePageTest -->
