<?xml version="1.0" encoding="UTF-8"?>
<!-- Generated by org.testng.reporters.JUnitReportReporter -->
<testsuite skipped="0" hostname="netstorm-TECRA-C50-C" name="com.cavisson.ddr.testcases.NetstormHomePageTest" tests="3" failures="0" timestamp="16 Apr 2018 15:58:03 GMT" time="39.390" errors="0">
  <testcase name="validateNetstormHomeTest" time="12.105" classname="com.cavisson.ddr.testcases.NetstormHomePageTest"/>
  <testcase name="validateNetstormReleaseTest" time="14.921" classname="com.cavisson.ddr.testcases.NetstormHomePageTest"/>
  <testcase name="clickonSessionTest" time="12.364" classname="com.cavisson.ddr.testcases.NetstormHomePageTest"/>
</testsuite> <!-- com.cavisson.ddr.testcases.NetstormHomePageTest -->
