<?xml version="1.0" encoding="UTF-8"?>
<!-- Generated by org.testng.reporters.JUnitReportReporter -->
<testsuite skipped="0" hostname="netstorm-TECRA-C50-C" name="com.cavisson.ddr.testcases.NetstormSessionPageTest" tests="2" failures="0" timestamp="12 Apr 2018 05:35:19 GMT" time="31.061" errors="0">
  <testcase name="validateSessionPageTest" time="13.625" classname="com.cavisson.ddr.testcases.NetstormSessionPageTest"/>
  <testcase name="clickonEDLinkTest" time="17.436" classname="com.cavisson.ddr.testcases.NetstormSessionPageTest"/>
</testsuite> <!-- com.cavisson.ddr.testcases.NetstormSessionPageTest -->
