<?xml version="1.0" encoding="UTF-8"?>
<!-- Generated by org.testng.reporters.JUnitReportReporter -->
<testsuite skipped="0" hostname="netstorm-TECRA-C50-C" name="com.cavisson.ddr.testcases.NetstormSessionPageTest" tests="2" failures="0" timestamp="03 Jul 2018 06:46:57 GMT" time="26.714" errors="0">
  <testcase name="validateSessionPageTest" time="11.529" classname="com.cavisson.ddr.testcases.NetstormSessionPageTest"/>
  <testcase name="clickonEDLinkTest" time="15.185" classname="com.cavisson.ddr.testcases.NetstormSessionPageTest"/>
</testsuite> <!-- com.cavisson.ddr.testcases.NetstormSessionPageTest -->
