<?xml version="1.0" encoding="UTF-8"?>
<!-- Generated by org.testng.reporters.JUnitReportReporter -->
<testsuite skipped="0" hostname="netstorm-TECRA-C50-C" name="com.cavisson.ddr.testcases.NetstormLoginTest" tests="2" failures="0" timestamp="26 Jun 2018 16:19:54 GMT" time="14.657" errors="0">
  <testcase name="loginNetstormTitletest" time="5.993" classname="com.cavisson.ddr.testcases.NetstormLoginTest"/>
  <testcase name="loginNetstormTest" time="8.664" classname="com.cavisson.ddr.testcases.NetstormLoginTest"/>
</testsuite> <!-- com.cavisson.ddr.testcases.NetstormLoginTest -->
