<?xml version="1.0" encoding="UTF-8"?>
<!-- Generated by org.testng.reporters.JUnitReportReporter -->
<testsuite skipped="0" hostname="netstorm-TECRA-C50-C" name="com.cavisson.ddr.testcases.NetstormSessionPageTest" tests="2" failures="0" timestamp="26 Jun 2018 16:19:54 GMT" time="24.797" errors="0">
  <testcase name="validateSessionPageTest" time="10.296" classname="com.cavisson.ddr.testcases.NetstormSessionPageTest"/>
  <testcase name="clickonEDLinkTest" time="14.501" classname="com.cavisson.ddr.testcases.NetstormSessionPageTest"/>
</testsuite> <!-- com.cavisson.ddr.testcases.NetstormSessionPageTest -->
