<?xml version="1.0" encoding="UTF-8"?>
<!-- Generated by org.testng.reporters.JUnitReportReporter -->
<testsuite skipped="0" hostname="netstorm-TECRA-C50-C" name="com.cavisson.ddr.testcases.NetstormSessionPageTest" tests="2" failures="0" timestamp="16 Apr 2018 15:58:03 GMT" time="30.275" errors="0">
  <testcase name="validateSessionPageTest" time="13.081" classname="com.cavisson.ddr.testcases.NetstormSessionPageTest"/>
  <testcase name="clickonEDLinkTest" time="17.194" classname="com.cavisson.ddr.testcases.NetstormSessionPageTest"/>
</testsuite> <!-- com.cavisson.ddr.testcases.NetstormSessionPageTest -->
