<?xml version="1.0" encoding="UTF-8"?>
<!-- Generated by org.testng.reporters.JUnitReportReporter -->
<testsuite skipped="0" hostname="netstorm-TECRA-C50-C" name="com.cavisson.ddr.testcases.NetstormSessionPageTest" tests="1" failures="0" timestamp="06 Apr 2018 19:53:07 GMT" time="28.497" errors="0">
  <testcase name="clickonEDLinkTest" time="28.497" classname="com.cavisson.ddr.testcases.NetstormSessionPageTest"/>
</testsuite> <!-- com.cavisson.ddr.testcases.NetstormSessionPageTest -->
