<?xml version="1.0" encoding="UTF-8"?>
<!-- Generated by org.testng.reporters.JUnitReportReporter -->
<testsuite skipped="0" hostname="netstorm-TECRA-C50-C" name="com.cavisson.ddr.testcases.NetstormLoginTest" tests="2" failures="0" timestamp="05 Apr 2018 19:02:19 GMT" time="14.136" errors="0">
  <testcase name="loginNetstormTitletest" time="6.383" classname="com.cavisson.ddr.testcases.NetstormLoginTest"/>
  <testcase name="loginNetstormTest" time="7.753" classname="com.cavisson.ddr.testcases.NetstormLoginTest"/>
</testsuite> <!-- com.cavisson.ddr.testcases.NetstormLoginTest -->
