<?xml version="1.0" encoding="UTF-8"?>
<!-- Generated by org.testng.reporters.JUnitReportReporter -->
<testsuite skipped="0" hostname="netstorm-TECRA-C50-C" name="com.cavisson.ddr.testcases.NetstormEDPageTest" tests="11" failures="0" timestamp="26 Jun 2018 16:19:54 GMT" time="191.741" errors="0">
  <testcase name="validateEDPageTest" time="16.242" classname="com.cavisson.ddr.testcases.NetstormEDPageTest"/>
  <testcase name="validateShowDashboardTest" time="17.547" classname="com.cavisson.ddr.testcases.NetstormEDPageTest"/>
  <testcase name="validateTierInfoTest" time="17.210" classname="com.cavisson.ddr.testcases.NetstormEDPageTest"/>
  <testcase name="overviewInTierInfoTest" time="18.609" classname="com.cavisson.ddr.testcases.NetstormEDPageTest"/>
  <testcase name="healthInTierInfoTest" time="18.070" classname="com.cavisson.ddr.testcases.NetstormEDPageTest"/>
  <testcase name="tpsPopUpLabelTest" time="16.155" classname="com.cavisson.ddr.testcases.NetstormEDPageTest"/>
  <testcase name="validateBtShowingInTpsTest" time="16.565" classname="com.cavisson.ddr.testcases.NetstormEDPageTest"/>
  <testcase name="responsePopUpLabelTest" time="16.074" classname="com.cavisson.ddr.testcases.NetstormEDPageTest"/>
  <testcase name="validateBtShowingInResponseTest" time="15.765" classname="com.cavisson.ddr.testcases.NetstormEDPageTest"/>
  <testcase name="showFlowPathForSelectedTierTest" time="16.617" classname="com.cavisson.ddr.testcases.NetstormEDPageTest"/>
  <testcase name="validateFPReportByTierRightClickTest" time="22.887" classname="com.cavisson.ddr.testcases.NetstormEDPageTest"/>
</testsuite> <!-- com.cavisson.ddr.testcases.NetstormEDPageTest -->
