<?xml version="1.0" encoding="UTF-8"?>
<!-- Generated by org.testng.reporters.JUnitReportReporter -->
<testsuite skipped="0" hostname="netstorm-TECRA-C50-C" name="com.cavisson.ddr.testcases.NetstormEDPageTest" tests="1" failures="0" timestamp="16 Apr 2018 17:22:28 GMT" time="20.450" errors="0">
  <testcase name="showFlowPathForSelectedTierTest" time="20.450" classname="com.cavisson.ddr.testcases.NetstormEDPageTest"/>
</testsuite> <!-- com.cavisson.ddr.testcases.NetstormEDPageTest -->
