<?xml version="1.0" encoding="UTF-8"?>
<!-- Generated by org.testng.reporters.JUnitReportReporter -->
<testsuite skipped="0" hostname="netstorm-TECRA-C50-C" name="com.cavisson.ddr.testcases.NetstormLoginTest" tests="2" failures="0" timestamp="03 Jul 2018 06:46:57 GMT" time="16.728" errors="0">
  <testcase name="loginNetstormTitletest" time="7.230" classname="com.cavisson.ddr.testcases.NetstormLoginTest"/>
  <testcase name="loginNetstormTest" time="9.498" classname="com.cavisson.ddr.testcases.NetstormLoginTest"/>
</testsuite> <!-- com.cavisson.ddr.testcases.NetstormLoginTest -->
