<?xml version="1.0" encoding="UTF-8"?>
<!-- Generated by org.testng.reporters.JUnitReportReporter -->
<testsuite skipped="0" hostname="netstorm-TECRA-C50-C" name="com.cavisson.ddr.testcases.NetstormLoginTest" tests="2" failures="0" timestamp="03 May 2018 18:31:11 GMT" time="18.263" errors="0">
  <testcase name="loginNetstormTitletest" time="10.550" classname="com.cavisson.ddr.testcases.NetstormLoginTest"/>
  <testcase name="loginNetstormTest" time="7.713" classname="com.cavisson.ddr.testcases.NetstormLoginTest"/>
</testsuite> <!-- com.cavisson.ddr.testcases.NetstormLoginTest -->
