<?xml version="1.0" encoding="UTF-8"?>
<!-- Generated by org.testng.reporters.JUnitReportReporter -->
<testsuite skipped="0" hostname="netstorm-TECRA-C50-C" name="com.cavisson.ddr.testcases.NetstormEDPageTest" tests="2" failures="0" timestamp="12 Apr 2018 05:35:19 GMT" time="33.462" errors="0">
  <testcase name="validateEDPageTest" time="16.466" classname="com.cavisson.ddr.testcases.NetstormEDPageTest"/>
  <testcase name="validateShowDashboardTest" time="16.996" classname="com.cavisson.ddr.testcases.NetstormEDPageTest"/>
</testsuite> <!-- com.cavisson.ddr.testcases.NetstormEDPageTest -->
