<?xml version="1.0" encoding="UTF-8"?>
<!-- Generated by org.testng.reporters.JUnitReportReporter -->
<testsuite skipped="0" hostname="netstorm-TECRA-C50-C" name="com.cavisson.ddr.testcases.NetstormSessionPageTest" tests="2" failures="0" timestamp="05 Apr 2018 19:02:19 GMT" time="26.373" errors="0">
  <testcase name="validateSessionPageTest" time="11.621" classname="com.cavisson.ddr.testcases.NetstormSessionPageTest"/>
  <testcase name="clickonEDLinkTest" time="14.752" classname="com.cavisson.ddr.testcases.NetstormSessionPageTest"/>
</testsuite> <!-- com.cavisson.ddr.testcases.NetstormSessionPageTest -->
