<?xml version="1.0" encoding="UTF-8"?>
<!-- Generated by org.testng.reporters.JUnitReportReporter -->
<testsuite skipped="0" hostname="netstorm-TECRA-C50-C" name="com.cavisson.ddr.testcases.NetstormHomePageTest" tests="3" failures="0" timestamp="12 Apr 2018 05:35:19 GMT" time="38.363" errors="0">
  <testcase name="validateNetstormHomeTest" time="13.539" classname="com.cavisson.ddr.testcases.NetstormHomePageTest"/>
  <testcase name="validateNetstormReleaseTest" time="11.328" classname="com.cavisson.ddr.testcases.NetstormHomePageTest"/>
  <testcase name="clickonSessionTest" time="13.496" classname="com.cavisson.ddr.testcases.NetstormHomePageTest"/>
</testsuite> <!-- com.cavisson.ddr.testcases.NetstormHomePageTest -->
