<?xml version="1.0" encoding="UTF-8"?>
<!-- Generated by org.testng.reporters.JUnitReportReporter -->
<testsuite skipped="0" hostname="netstorm-TECRA-C50-C" name="com.cavisson.ddr.testcases.NetstormHomePageTest" tests="3" failures="0" timestamp="05 Apr 2018 19:02:19 GMT" time="34.821" errors="0">
  <testcase name="validateNetstormHomeTest" time="11.411" classname="com.cavisson.ddr.testcases.NetstormHomePageTest"/>
  <testcase name="validateNetstormReleaseTest" time="11.996" classname="com.cavisson.ddr.testcases.NetstormHomePageTest"/>
  <testcase name="clickonSessionTest" time="11.414" classname="com.cavisson.ddr.testcases.NetstormHomePageTest"/>
</testsuite> <!-- com.cavisson.ddr.testcases.NetstormHomePageTest -->
