<?xml version="1.0" encoding="UTF-8"?>
<!-- Generated by org.testng.reporters.JUnitReportReporter -->
<testsuite skipped="0" hostname="netstorm-TECRA-C50-C" name="com.cavisson.ddr.testcases.NetstormEDPageTest" tests="11" failures="0" timestamp="03 Jul 2018 06:46:57 GMT" time="193.242" errors="0">
  <testcase name="validateEDPageTest" time="16.181" classname="com.cavisson.ddr.testcases.NetstormEDPageTest"/>
  <testcase name="validateShowDashboardTest" time="17.242" classname="com.cavisson.ddr.testcases.NetstormEDPageTest"/>
  <testcase name="validateTierInfoTest" time="17.694" classname="com.cavisson.ddr.testcases.NetstormEDPageTest"/>
  <testcase name="overviewInTierInfoTest" time="17.755" classname="com.cavisson.ddr.testcases.NetstormEDPageTest"/>
  <testcase name="healthInTierInfoTest" time="18.174" classname="com.cavisson.ddr.testcases.NetstormEDPageTest"/>
  <testcase name="tpsPopUpLabelTest" time="17.054" classname="com.cavisson.ddr.testcases.NetstormEDPageTest"/>
  <testcase name="validateBtShowingInTpsTest" time="16.564" classname="com.cavisson.ddr.testcases.NetstormEDPageTest"/>
  <testcase name="responsePopUpLabelTest" time="16.986" classname="com.cavisson.ddr.testcases.NetstormEDPageTest"/>
  <testcase name="validateBtShowingInResponseTest" time="16.731" classname="com.cavisson.ddr.testcases.NetstormEDPageTest"/>
  <testcase name="showFlowPathForSelectedTierTest" time="16.817" classname="com.cavisson.ddr.testcases.NetstormEDPageTest"/>
  <testcase name="validateFPReportByTierRightClickTest" time="22.044" classname="com.cavisson.ddr.testcases.NetstormEDPageTest"/>
</testsuite> <!-- com.cavisson.ddr.testcases.NetstormEDPageTest -->
