<?xml version="1.0" encoding="UTF-8"?>
<!-- Generated by org.testng.reporters.JUnitReportReporter -->
<testsuite skipped="0" hostname="netstorm-TECRA-C50-C" name="com.cavisson.ddr.testcases.NetstormLoginTest" tests="2" failures="0" timestamp="12 Apr 2018 05:35:19 GMT" time="12.720" errors="0">
  <testcase name="loginNetstormTitletest" time="7.432" classname="com.cavisson.ddr.testcases.NetstormLoginTest"/>
  <testcase name="loginNetstormTest" time="5.288" classname="com.cavisson.ddr.testcases.NetstormLoginTest"/>
</testsuite> <!-- com.cavisson.ddr.testcases.NetstormLoginTest -->
