<?xml version="1.0" encoding="UTF-8"?>
<!-- Generated by org.testng.reporters.JUnitReportReporter -->
<testsuite skipped="0" hostname="netstorm-TECRA-C50-C" name="com.cavisson.ddr.testcases.NetstormHomePageTest" tests="3" failures="0" timestamp="03 May 2018 18:31:11 GMT" time="45.377" errors="0">
  <testcase name="validateNetstormHomeTest" time="12.978" classname="com.cavisson.ddr.testcases.NetstormHomePageTest"/>
  <testcase name="validateNetstormReleaseTest" time="17.493" classname="com.cavisson.ddr.testcases.NetstormHomePageTest"/>
  <testcase name="clickonSessionTest" time="14.906" classname="com.cavisson.ddr.testcases.NetstormHomePageTest"/>
</testsuite> <!-- com.cavisson.ddr.testcases.NetstormHomePageTest -->
