<?xml version="1.0" encoding="UTF-8"?>
<!-- Generated by org.testng.reporters.JUnitReportReporter -->
<testsuite skipped="0" hostname="netstorm-TECRA-C50-C" name="com.cavisson.ddr.testcases.NetstormEDPageTest" tests="1" failures="0" timestamp="16 Apr 2018 19:24:21 GMT" time="30.179" errors="0">
  <testcase name="validateFPReportByTierRightClickTest" time="30.179" classname="com.cavisson.ddr.testcases.NetstormEDPageTest"/>
</testsuite> <!-- com.cavisson.ddr.testcases.NetstormEDPageTest -->
